{"total": {"lines":{"total":9501,"covered":4475,"skipped":0,"pct":47.1},"statements":{"total":9501,"covered":4475,"skipped":0,"pct":47.1},"functions":{"total":319,"covered":129,"skipped":0,"pct":40.43},"branches":{"total":1148,"covered":809,"skipped":0,"pct":70.47},"branchesTrue":{"total":0,"covered":0,"skipped":0,"pct":100}}
,"D:\\2026\\Hackathon\\janashakti\\src\\App.jsx": {"lines":{"total":56,"covered":0,"skipped":0,"pct":0},"functions":{"total":1,"covered":0,"skipped":0,"pct":0},"statements":{"total":56,"covered":0,"skipped":0,"pct":0},"branches":{"total":1,"covered":0,"skipped":0,"pct":0}}
,"D:\\2026\\Hackathon\\janashakti\\src\\firebase.js": {"lines":{"total":138,"covered":0,"skipped":0,"pct":0},"functions":{"total":1,"covered":0,"skipped":0,"pct":0},"statements":{"total":138,"covered":0,"skipped":0,"pct":0},"branches":{"total":1,"covered":0,"skipped":0,"pct":0}}
,"D:\\2026\\Hackathon\\janashakti\\src\\agents\\authorityRouter.js": {"lines":{"total":60,"covered":0,"skipped":0,"pct":0},"functions":{"total":1,"covered":0,"skipped":0,"pct":0},"statements":{"total":60,"covered":0,"skipped":0,"pct":0},"branches":{"total":1,"covered":0,"skipped":0,"pct":0}}
,"D:\\2026\\Hackathon\\janashakti\\src\\agents\\duplicateDetector.js": {"lines":{"total":58,"covered":0,"skipped":0,"pct":0},"functions":{"total":1,"covered":0,"skipped":0,"pct":0},"statements":{"total":58,"covered":0,"skipped":0,"pct":0},"branches":{"total":1,"covered":0,"skipped":0,"pct":0}}
,"D:\\2026\\Hackathon\\janashakti\\src\\agents\\esgScorer.js": {"lines":{"total":117,"covered":4,"skipped":0,"pct":3.41},"functions":{"total":2,"covered":0,"skipped":0,"pct":0},"statements":{"total":117,"covered":4,"skipped":0,"pct":3.41},"branches":{"total":0,"covered":0,"skipped":0,"pct":100}}
,"D:\\2026\\Hackathon\\janashakti\\src\\agents\\issueAnalyzer.js": {"lines":{"total":112,"covered":101,"skipped":0,"pct":90.17},"functions":{"total":3,"covered":3,"skipped":0,"pct":100},"statements":{"total":112,"covered":101,"skipped":0,"pct":90.17},"branches":{"total":15,"covered":8,"skipped":0,"pct":53.33}}
,"D:\\2026\\Hackathon\\janashakti\\src\\agents\\orchestrator.js": {"lines":{"total":115,"covered":105,"skipped":0,"pct":91.3},"functions":{"total":3,"covered":3,"skipped":0,"pct":100},"statements":{"total":115,"covered":105,"skipped":0,"pct":91.3},"branches":{"total":46,"covered":29,"skipped":0,"pct":63.04}}
,"D:\\2026\\Hackathon\\janashakti\\src\\agents\\resolutionPredictor.js": {"lines":{"total":46,"covered":0,"skipped":0,"pct":0},"functions":{"total":1,"covered":0,"skipped":0,"pct":0},"statements":{"total":46,"covered":0,"skipped":0,"pct":0},"branches":{"total":1,"covered":0,"skipped":0,"pct":0}}
,"D:\\2026\\Hackathon\\janashakti\\src\\agents\\resolutionVerifier.js": {"lines":{"total":54,"covered":54,"skipped":0,"pct":100},"functions":{"total":1,"covered":1,"skipped":0,"pct":100},"statements":{"total":54,"covered":54,"skipped":0,"pct":100},"branches":{"total":13,"covered":11,"skipped":0,"pct":84.61}}
,"D:\\2026\\Hackathon\\janashakti\\src\\components\\AffiliationPicker.jsx": {"lines":{"total":208,"covered":16,"skipped":0,"pct":7.69},"functions":{"total":1,"covered":0,"skipped":0,"pct":0},"statements":{"total":208,"covered":16,"skipped":0,"pct":7.69},"branches":{"total":0,"covered":0,"skipped":0,"pct":100}}
,"D:\\2026\\Hackathon\\janashakti\\src\\components\\AgentPipelineOverlay.jsx": {"lines":{"total":79,"covered":13,"skipped":0,"pct":16.45},"functions":{"total":2,"covered":0,"skipped":0,"pct":0},"statements":{"total":79,"covered":13,"skipped":0,"pct":16.45},"branches":{"total":0,"covered":0,"skipped":0,"pct":100}}
,"D:\\2026\\Hackathon\\janashakti\\src\\components\\Avatar.jsx": {"lines":{"total":25,"covered":25,"skipped":0,"pct":100},"functions":{"total":2,"covered":1,"skipped":0,"pct":50},"statements":{"total":25,"covered":25,"skipped":0,"pct":100},"branches":{"total":6,"covered":6,"skipped":0,"pct":100}}
,"D:\\2026\\Hackathon\\janashakti\\src\\components\\BeforeAfterSlider.jsx": {"lines":{"total":51,"covered":2,"skipped":0,"pct":3.92},"functions":{"total":2,"covered":0,"skipped":0,"pct":0},"statements":{"total":51,"covered":2,"skipped":0,"pct":3.92},"branches":{"total":0,"covered":0,"skipped":0,"pct":100}}
,"D:\\2026\\Hackathon\\janashakti\\src\\components\\BottomNav.jsx": {"lines":{"total":55,"covered":0,"skipped":0,"pct":0},"functions":{"total":1,"covered":0,"skipped":0,"pct":0},"statements":{"total":55,"covered":0,"skipped":0,"pct":0},"branches":{"total":1,"covered":0,"skipped":0,"pct":0}}
,"D:\\2026\\Hackathon\\janashakti\\src\\components\\ChartCarousel.jsx": {"lines":{"total":53,"covered":0,"skipped":0,"pct":0},"functions":{"total":1,"covered":0,"skipped":0,"pct":0},"statements":{"total":53,"covered":0,"skipped":0,"pct":0},"branches":{"total":1,"covered":0,"skipped":0,"pct":0}}
,"D:\\2026\\Hackathon\\janashakti\\src\\components\\CityESGCard.jsx": {"lines":{"total":59,"covered":6,"skipped":0,"pct":10.16},"functions":{"total":3,"covered":0,"skipped":0,"pct":0},"statements":{"total":59,"covered":6,"skipped":0,"pct":10.16},"branches":{"total":0,"covered":0,"skipped":0,"pct":100}}
,"D:\\2026\\Hackathon\\janashakti\\src\\components\\ESGScoreCard.jsx": {"lines":{"total":100,"covered":11,"skipped":0,"pct":11},"functions":{"total":3,"covered":0,"skipped":0,"pct":0},"statements":{"total":100,"covered":11,"skipped":0,"pct":11},"branches":{"total":0,"covered":0,"skipped":0,"pct":100}}
,"D:\\2026\\Hackathon\\janashakti\\src\\components\\EmptyState.jsx": {"lines":{"total":14,"covered":14,"skipped":0,"pct":100},"functions":{"total":1,"covered":1,"skipped":0,"pct":100},"statements":{"total":14,"covered":14,"skipped":0,"pct":100},"branches":{"total":2,"covered":2,"skipped":0,"pct":100}}
,"D:\\2026\\Hackathon\\janashakti\\src\\components\\ErrorBoundary.jsx": {"lines":{"total":36,"covered":0,"skipped":0,"pct":0},"functions":{"total":1,"covered":0,"skipped":0,"pct":0},"statements":{"total":36,"covered":0,"skipped":0,"pct":0},"branches":{"total":1,"covered":0,"skipped":0,"pct":0}}
,"D:\\2026\\Hackathon\\janashakti\\src\\components\\IndiaFlag.jsx": {"lines":{"total":38,"covered":38,"skipped":0,"pct":100},"functions":{"total":1,"covered":1,"skipped":0,"pct":100},"statements":{"total":38,"covered":38,"skipped":0,"pct":100},"branches":{"total":2,"covered":2,"skipped":0,"pct":100}}
,"D:\\2026\\Hackathon\\janashakti\\src\\components\\InstallBanner.jsx": {"lines":{"total":56,"covered":0,"skipped":0,"pct":0},"functions":{"total":1,"covered":0,"skipped":0,"pct":0},"statements":{"total":56,"covered":0,"skipped":0,"pct":0},"branches":{"total":1,"covered":0,"skipped":0,"pct":0}}
,"D:\\2026\\Hackathon\\janashakti\\src\\components\\IssueCard.jsx": {"lines":{"total":138,"covered":138,"skipped":0,"pct":100},"functions":{"total":5,"covered":3,"skipped":0,"pct":60},"statements":{"total":138,"covered":138,"skipped":0,"pct":100},"branches":{"total":35,"covered":32,"skipped":0,"pct":91.42}}
,"D:\\2026\\Hackathon\\janashakti\\src\\components\\LoadingScreen.jsx": {"lines":{"total":18,"covered":18,"skipped":0,"pct":100},"functions":{"total":1,"covered":1,"skipped":0,"pct":100},"statements":{"total":18,"covered":18,"skipped":0,"pct":100},"branches":{"total":1,"covered":1,"skipped":0,"pct":100}}
,"D:\\2026\\Hackathon\\janashakti\\src\\components\\LoadingSkeleton.jsx": {"lines":{"total":38,"covered":27,"skipped":0,"pct":71.05},"functions":{"total":1,"covered":1,"skipped":0,"pct":100},"statements":{"total":38,"covered":27,"skipped":0,"pct":71.05},"branches":{"total":4,"covered":3,"skipped":0,"pct":75}}
,"D:\\2026\\Hackathon\\janashakti\\src\\components\\LocationPicker.jsx": {"lines":{"total":79,"covered":1,"skipped":0,"pct":1.26},"functions":{"total":1,"covered":0,"skipped":0,"pct":0},"statements":{"total":79,"covered":1,"skipped":0,"pct":1.26},"branches":{"total":0,"covered":0,"skipped":0,"pct":100}}
,"D:\\2026\\Hackathon\\janashakti\\src\\components\\LocationProvider.jsx": {"lines":{"total":30,"covered":24,"skipped":0,"pct":80},"functions":{"total":2,"covered":2,"skipped":0,"pct":100},"statements":{"total":30,"covered":24,"skipped":0,"pct":80},"branches":{"total":6,"covered":4,"skipped":0,"pct":66.66}}
,"D:\\2026\\Hackathon\\janashakti\\src\\components\\NationTagline.jsx": {"lines":{"total":16,"covered":16,"skipped":0,"pct":100},"functions":{"total":1,"covered":1,"skipped":0,"pct":100},"statements":{"total":16,"covered":16,"skipped":0,"pct":100},"branches":{"total":1,"covered":1,"skipped":0,"pct":100}}
,"D:\\2026\\Hackathon\\janashakti\\src\\components\\NotificationBell.jsx": {"lines":{"total":26,"covered":17,"skipped":0,"pct":65.38},"functions":{"total":2,"covered":1,"skipped":0,"pct":50},"statements":{"total":26,"covered":17,"skipped":0,"pct":65.38},"branches":{"total":2,"covered":1,"skipped":0,"pct":50}}
,"D:\\2026\\Hackathon\\janashakti\\src\\components\\PressureMeter.jsx": {"lines":{"total":57,"covered":57,"skipped":0,"pct":100},"functions":{"total":2,"covered":2,"skipped":0,"pct":100},"statements":{"total":57,"covered":57,"skipped":0,"pct":100},"branches":{"total":13,"covered":13,"skipped":0,"pct":100}}
,"D:\\2026\\Hackathon\\janashakti\\src\\components\\ResolutionCelebration.jsx": {"lines":{"total":85,"covered":4,"skipped":0,"pct":4.7},"functions":{"total":1,"covered":0,"skipped":0,"pct":0},"statements":{"total":85,"covered":4,"skipped":0,"pct":4.7},"branches":{"total":0,"covered":0,"skipped":0,"pct":100}}
,"D:\\2026\\Hackathon\\janashakti\\src\\components\\SDGBadge.jsx": {"lines":{"total":17,"covered":3,"skipped":0,"pct":17.64},"functions":{"total":1,"covered":0,"skipped":0,"pct":0},"statements":{"total":17,"covered":3,"skipped":0,"pct":17.64},"branches":{"total":0,"covered":0,"skipped":0,"pct":100}}
,"D:\\2026\\Hackathon\\janashakti\\src\\components\\SeverityBadge.jsx": {"lines":{"total":9,"covered":9,"skipped":0,"pct":100},"functions":{"total":1,"covered":1,"skipped":0,"pct":100},"statements":{"total":9,"covered":9,"skipped":0,"pct":100},"branches":{"total":1,"covered":1,"skipped":0,"pct":100}}
,"D:\\2026\\Hackathon\\janashakti\\src\\components\\ShowMore.jsx": {"lines":{"total":14,"covered":1,"skipped":0,"pct":7.14},"functions":{"total":1,"covered":0,"skipped":0,"pct":0},"statements":{"total":14,"covered":1,"skipped":0,"pct":7.14},"branches":{"total":0,"covered":0,"skipped":0,"pct":100}}
,"D:\\2026\\Hackathon\\janashakti\\src\\components\\StatsCard.jsx": {"lines":{"total":22,"covered":22,"skipped":0,"pct":100},"functions":{"total":1,"covered":1,"skipped":0,"pct":100},"statements":{"total":22,"covered":22,"skipped":0,"pct":100},"branches":{"total":3,"covered":3,"skipped":0,"pct":100}}
,"D:\\2026\\Hackathon\\janashakti\\src\\components\\Toast.jsx": {"lines":{"total":34,"covered":34,"skipped":0,"pct":100},"functions":{"total":1,"covered":1,"skipped":0,"pct":100},"statements":{"total":34,"covered":34,"skipped":0,"pct":100},"branches":{"total":9,"covered":8,"skipped":0,"pct":88.88}}
,"D:\\2026\\Hackathon\\janashakti\\src\\components\\ToastProvider.jsx": {"lines":{"total":27,"covered":23,"skipped":0,"pct":85.18},"functions":{"total":6,"covered":2,"skipped":0,"pct":33.33},"statements":{"total":27,"covered":23,"skipped":0,"pct":85.18},"branches":{"total":5,"covered":3,"skipped":0,"pct":60}}
,"D:\\2026\\Hackathon\\janashakti\\src\\components\\TopNav.jsx": {"lines":{"total":43,"covered":43,"skipped":0,"pct":100},"functions":{"total":3,"covered":1,"skipped":0,"pct":33.33},"statements":{"total":43,"covered":43,"skipped":0,"pct":100},"branches":{"total":12,"covered":12,"skipped":0,"pct":100}}
,"D:\\2026\\Hackathon\\janashakti\\src\\components\\VoiceAssistant.jsx": {"lines":{"total":245,"covered":0,"skipped":0,"pct":0},"functions":{"total":1,"covered":0,"skipped":0,"pct":0},"statements":{"total":245,"covered":0,"skipped":0,"pct":0},"branches":{"total":1,"covered":0,"skipped":0,"pct":0}}
,"D:\\2026\\Hackathon\\janashakti\\src\\constants\\cities.js": {"lines":{"total":12,"covered":12,"skipped":0,"pct":100},"functions":{"total":0,"covered":0,"skipped":0,"pct":100},"statements":{"total":12,"covered":12,"skipped":0,"pct":100},"branches":{"total":0,"covered":0,"skipped":0,"pct":100}}
,"D:\\2026\\Hackathon\\janashakti\\src\\constants\\departments.js": {"lines":{"total":101,"covered":101,"skipped":0,"pct":100},"functions":{"total":0,"covered":0,"skipped":0,"pct":100},"statements":{"total":101,"covered":101,"skipped":0,"pct":100},"branches":{"total":0,"covered":0,"skipped":0,"pct":100}}
,"D:\\2026\\Hackathon\\janashakti\\src\\constants\\esg.js": {"lines":{"total":101,"covered":101,"skipped":0,"pct":100},"functions":{"total":5,"covered":5,"skipped":0,"pct":100},"statements":{"total":101,"covered":101,"skipped":0,"pct":100},"branches":{"total":6,"covered":5,"skipped":0,"pct":83.33}}
,"D:\\2026\\Hackathon\\janashakti\\src\\constants\\issueTypes.js": {"lines":{"total":87,"covered":87,"skipped":0,"pct":100},"functions":{"total":10,"covered":10,"skipped":0,"pct":100},"statements":{"total":87,"covered":87,"skipped":0,"pct":100},"branches":{"total":14,"covered":14,"skipped":0,"pct":100}}
,"D:\\2026\\Hackathon\\janashakti\\src\\constants\\mapStyle.js": {"lines":{"total":10,"covered":10,"skipped":0,"pct":100},"functions":{"total":0,"covered":0,"skipped":0,"pct":100},"statements":{"total":10,"covered":10,"skipped":0,"pct":100},"branches":{"total":0,"covered":0,"skipped":0,"pct":100}}
,"D:\\2026\\Hackathon\\janashakti\\src\\constants\\representatives.js": {"lines":{"total":148,"covered":148,"skipped":0,"pct":100},"functions":{"total":4,"covered":4,"skipped":0,"pct":100},"statements":{"total":148,"covered":148,"skipped":0,"pct":100},"branches":{"total":40,"covered":38,"skipped":0,"pct":95}}
,"D:\\2026\\Hackathon\\janashakti\\src\\constants\\voiceLang.js": {"lines":{"total":66,"covered":0,"skipped":0,"pct":0},"functions":{"total":1,"covered":0,"skipped":0,"pct":0},"statements":{"total":66,"covered":0,"skipped":0,"pct":0},"branches":{"total":1,"covered":0,"skipped":0,"pct":0}}
,"D:\\2026\\Hackathon\\janashakti\\src\\hooks\\useAgents.js": {"lines":{"total":53,"covered":53,"skipped":0,"pct":100},"functions":{"total":3,"covered":3,"skipped":0,"pct":100},"statements":{"total":53,"covered":53,"skipped":0,"pct":100},"branches":{"total":9,"covered":9,"skipped":0,"pct":100}}
,"D:\\2026\\Hackathon\\janashakti\\src\\hooks\\useAuth.js": {"lines":{"total":56,"covered":53,"skipped":0,"pct":94.64},"functions":{"total":1,"covered":1,"skipped":0,"pct":100},"statements":{"total":56,"covered":53,"skipped":0,"pct":94.64},"branches":{"total":16,"covered":12,"skipped":0,"pct":75}}
,"D:\\2026\\Hackathon\\janashakti\\src\\hooks\\useIssues.js": {"lines":{"total":35,"covered":31,"skipped":0,"pct":88.57},"functions":{"total":1,"covered":1,"skipped":0,"pct":100},"statements":{"total":35,"covered":31,"skipped":0,"pct":88.57},"branches":{"total":8,"covered":7,"skipped":0,"pct":87.5}}
,"D:\\2026\\Hackathon\\janashakti\\src\\hooks\\useLocation.js": {"lines":{"total":53,"covered":53,"skipped":0,"pct":100},"functions":{"total":3,"covered":3,"skipped":0,"pct":100},"statements":{"total":53,"covered":53,"skipped":0,"pct":100},"branches":{"total":14,"covered":14,"skipped":0,"pct":100}}
,"D:\\2026\\Hackathon\\janashakti\\src\\hooks\\useNotifications.js": {"lines":{"total":66,"covered":64,"skipped":0,"pct":96.96},"functions":{"total":2,"covered":2,"skipped":0,"pct":100},"statements":{"total":66,"covered":64,"skipped":0,"pct":96.96},"branches":{"total":37,"covered":35,"skipped":0,"pct":94.59}}
,"D:\\2026\\Hackathon\\janashakti\\src\\hooks\\usePagination.js": {"lines":{"total":12,"covered":12,"skipped":0,"pct":100},"functions":{"total":2,"covered":2,"skipped":0,"pct":100},"statements":{"total":12,"covered":12,"skipped":0,"pct":100},"branches":{"total":3,"covered":3,"skipped":0,"pct":100}}
,"D:\\2026\\Hackathon\\janashakti\\src\\hooks\\useUser.js": {"lines":{"total":20,"covered":20,"skipped":0,"pct":100},"functions":{"total":1,"covered":1,"skipped":0,"pct":100},"statements":{"total":20,"covered":20,"skipped":0,"pct":100},"branches":{"total":8,"covered":8,"skipped":0,"pct":100}}
,"D:\\2026\\Hackathon\\janashakti\\src\\screens\\AgentsShowcase.jsx": {"lines":{"total":266,"covered":173,"skipped":0,"pct":65.03},"functions":{"total":5,"covered":2,"skipped":0,"pct":40},"statements":{"total":266,"covered":173,"skipped":0,"pct":65.03},"branches":{"total":13,"covered":10,"skipped":0,"pct":76.92}}
,"D:\\2026\\Hackathon\\janashakti\\src\\screens\\AnalyticsDashboard.jsx": {"lines":{"total":426,"covered":261,"skipped":0,"pct":61.26},"functions":{"total":11,"covered":4,"skipped":0,"pct":36.36},"statements":{"total":426,"covered":261,"skipped":0,"pct":61.26},"branches":{"total":87,"covered":62,"skipped":0,"pct":71.26}}
,"D:\\2026\\Hackathon\\janashakti\\src\\screens\\AuthorityDashboard.jsx": {"lines":{"total":321,"covered":112,"skipped":0,"pct":34.89},"functions":{"total":11,"covered":1,"skipped":0,"pct":9.09},"statements":{"total":321,"covered":112,"skipped":0,"pct":34.89},"branches":{"total":23,"covered":13,"skipped":0,"pct":56.52}}
,"D:\\2026\\Hackathon\\janashakti\\src\\screens\\HomeScreen.jsx": {"lines":{"total":297,"covered":213,"skipped":0,"pct":71.71},"functions":{"total":19,"covered":2,"skipped":0,"pct":10.52},"statements":{"total":297,"covered":213,"skipped":0,"pct":71.71},"branches":{"total":37,"covered":23,"skipped":0,"pct":62.16}}
,"D:\\2026\\Hackathon\\janashakti\\src\\screens\\IssueDetail.jsx": {"lines":{"total":649,"covered":327,"skipped":0,"pct":50.38},"functions":{"total":21,"covered":2,"skipped":0,"pct":9.52},"statements":{"total":649,"covered":327,"skipped":0,"pct":50.38},"branches":{"total":103,"covered":58,"skipped":0,"pct":56.31}}
,"D:\\2026\\Hackathon\\janashakti\\src\\screens\\JournalistDashboard.jsx": {"lines":{"total":328,"covered":67,"skipped":0,"pct":20.42},"functions":{"total":11,"covered":2,"skipped":0,"pct":18.18},"statements":{"total":328,"covered":67,"skipped":0,"pct":20.42},"branches":{"total":19,"covered":15,"skipped":0,"pct":78.94}}
,"D:\\2026\\Hackathon\\janashakti\\src\\screens\\Leaderboard.jsx": {"lines":{"total":543,"covered":147,"skipped":0,"pct":27.07},"functions":{"total":18,"covered":2,"skipped":0,"pct":11.11},"statements":{"total":543,"covered":147,"skipped":0,"pct":27.07},"branches":{"total":51,"covered":33,"skipped":0,"pct":64.7}}
,"D:\\2026\\Hackathon\\janashakti\\src\\screens\\MapScreen.jsx": {"lines":{"total":372,"covered":150,"skipped":0,"pct":40.32},"functions":{"total":9,"covered":2,"skipped":0,"pct":22.22},"statements":{"total":372,"covered":150,"skipped":0,"pct":40.32},"branches":{"total":36,"covered":22,"skipped":0,"pct":61.11}}
,"D:\\2026\\Hackathon\\janashakti\\src\\screens\\NotificationsScreen.jsx": {"lines":{"total":69,"covered":29,"skipped":0,"pct":42.02},"functions":{"total":2,"covered":1,"skipped":0,"pct":50},"statements":{"total":69,"covered":29,"skipped":0,"pct":42.02},"branches":{"total":7,"covered":2,"skipped":0,"pct":28.57}}
,"D:\\2026\\Hackathon\\janashakti\\src\\screens\\Onboarding.jsx": {"lines":{"total":167,"covered":72,"skipped":0,"pct":43.11},"functions":{"total":5,"covered":1,"skipped":0,"pct":20},"statements":{"total":167,"covered":72,"skipped":0,"pct":43.11},"branches":{"total":7,"covered":4,"skipped":0,"pct":57.14}}
,"D:\\2026\\Hackathon\\janashakti\\src\\screens\\ProfileScreen.jsx": {"lines":{"total":402,"covered":327,"skipped":0,"pct":81.34},"functions":{"total":12,"covered":7,"skipped":0,"pct":58.33},"statements":{"total":402,"covered":327,"skipped":0,"pct":81.34},"branches":{"total":94,"covered":57,"skipped":0,"pct":60.63}}
,"D:\\2026\\Hackathon\\janashakti\\src\\screens\\ReportScreen.jsx": {"lines":{"total":633,"covered":168,"skipped":0,"pct":26.54},"functions":{"total":18,"covered":1,"skipped":0,"pct":5.55},"statements":{"total":633,"covered":168,"skipped":0,"pct":26.54},"branches":{"total":46,"covered":11,"skipped":0,"pct":23.91}}
,"D:\\2026\\Hackathon\\janashakti\\src\\theme\\colors.js": {"lines":{"total":31,"covered":31,"skipped":0,"pct":100},"functions":{"total":0,"covered":0,"skipped":0,"pct":100},"statements":{"total":31,"covered":31,"skipped":0,"pct":100},"branches":{"total":0,"covered":0,"skipped":0,"pct":100}}
,"D:\\2026\\Hackathon\\janashakti\\src\\theme\\components.js": {"lines":{"total":132,"covered":132,"skipped":0,"pct":100},"functions":{"total":2,"covered":2,"skipped":0,"pct":100},"statements":{"total":132,"covered":132,"skipped":0,"pct":100},"branches":{"total":4,"covered":4,"skipped":0,"pct":100}}
,"D:\\2026\\Hackathon\\janashakti\\src\\theme\\spacing.js": {"lines":{"total":16,"covered":0,"skipped":0,"pct":0},"functions":{"total":1,"covered":0,"skipped":0,"pct":0},"statements":{"total":16,"covered":0,"skipped":0,"pct":0},"branches":{"total":1,"covered":0,"skipped":0,"pct":0}}
,"D:\\2026\\Hackathon\\janashakti\\src\\theme\\typography.js": {"lines":{"total":16,"covered":0,"skipped":0,"pct":0},"functions":{"total":1,"covered":0,"skipped":0,"pct":0},"statements":{"total":16,"covered":0,"skipped":0,"pct":0},"branches":{"total":1,"covered":0,"skipped":0,"pct":0}}
,"D:\\2026\\Hackathon\\janashakti\\src\\utils\\aiProxy.js": {"lines":{"total":26,"covered":0,"skipped":0,"pct":0},"functions":{"total":1,"covered":0,"skipped":0,"pct":0},"statements":{"total":26,"covered":0,"skipped":0,"pct":0},"branches":{"total":1,"covered":0,"skipped":0,"pct":0}}
,"D:\\2026\\Hackathon\\janashakti\\src\\utils\\authority.js": {"lines":{"total":31,"covered":31,"skipped":0,"pct":100},"functions":{"total":2,"covered":2,"skipped":0,"pct":100},"statements":{"total":31,"covered":31,"skipped":0,"pct":100},"branches":{"total":9,"covered":9,"skipped":0,"pct":100}}
,"D:\\2026\\Hackathon\\janashakti\\src\\utils\\civicDataContext.js": {"lines":{"total":210,"covered":40,"skipped":0,"pct":19.04},"functions":{"total":8,"covered":0,"skipped":0,"pct":0},"statements":{"total":210,"covered":40,"skipped":0,"pct":19.04},"branches":{"total":0,"covered":0,"skipped":0,"pct":100}}
,"D:\\2026\\Hackathon\\janashakti\\src\\utils\\cloudinary.js": {"lines":{"total":39,"covered":27,"skipped":0,"pct":69.23},"functions":{"total":4,"covered":2,"skipped":0,"pct":50},"statements":{"total":39,"covered":27,"skipped":0,"pct":69.23},"branches":{"total":8,"covered":8,"skipped":0,"pct":100}}
,"D:\\2026\\Hackathon\\janashakti\\src\\utils\\complaint.js": {"lines":{"total":44,"covered":0,"skipped":0,"pct":0},"functions":{"total":1,"covered":0,"skipped":0,"pct":0},"statements":{"total":44,"covered":0,"skipped":0,"pct":0},"branches":{"total":1,"covered":0,"skipped":0,"pct":0}}
,"D:\\2026\\Hackathon\\janashakti\\src\\utils\\complaintId.js": {"lines":{"total":25,"covered":25,"skipped":0,"pct":100},"functions":{"total":2,"covered":2,"skipped":0,"pct":100},"statements":{"total":25,"covered":25,"skipped":0,"pct":100},"branches":{"total":7,"covered":7,"skipped":0,"pct":100}}
,"D:\\2026\\Hackathon\\janashakti\\src\\utils\\confirmIssue.js": {"lines":{"total":39,"covered":0,"skipped":0,"pct":0},"functions":{"total":1,"covered":0,"skipped":0,"pct":0},"statements":{"total":39,"covered":0,"skipped":0,"pct":0},"branches":{"total":1,"covered":0,"skipped":0,"pct":0}}
,"D:\\2026\\Hackathon\\janashakti\\src\\utils\\csrReport.js": {"lines":{"total":38,"covered":0,"skipped":0,"pct":0},"functions":{"total":1,"covered":0,"skipped":0,"pct":0},"statements":{"total":38,"covered":0,"skipped":0,"pct":0},"branches":{"total":1,"covered":0,"skipped":0,"pct":0}}
,"D:\\2026\\Hackathon\\janashakti\\src\\utils\\escalation.js": {"lines":{"total":69,"covered":69,"skipped":0,"pct":100},"functions":{"total":4,"covered":4,"skipped":0,"pct":100},"statements":{"total":69,"covered":69,"skipped":0,"pct":100},"branches":{"total":34,"covered":31,"skipped":0,"pct":91.17}}
,"D:\\2026\\Hackathon\\janashakti\\src\\utils\\exportToExcel.js": {"lines":{"total":170,"covered":77,"skipped":0,"pct":45.29},"functions":{"total":9,"covered":4,"skipped":0,"pct":44.44},"statements":{"total":170,"covered":77,"skipped":0,"pct":45.29},"branches":{"total":41,"covered":9,"skipped":0,"pct":21.95}}
,"D:\\2026\\Hackathon\\janashakti\\src\\utils\\gemini.js": {"lines":{"total":214,"covered":0,"skipped":0,"pct":0},"functions":{"total":1,"covered":0,"skipped":0,"pct":0},"statements":{"total":214,"covered":0,"skipped":0,"pct":0},"branches":{"total":1,"covered":0,"skipped":0,"pct":0}}
,"D:\\2026\\Hackathon\\janashakti\\src\\utils\\geo.js": {"lines":{"total":14,"covered":14,"skipped":0,"pct":100},"functions":{"total":2,"covered":2,"skipped":0,"pct":100},"statements":{"total":14,"covered":14,"skipped":0,"pct":100},"branches":{"total":5,"covered":5,"skipped":0,"pct":100}}
,"D:\\2026\\Hackathon\\janashakti\\src\\utils\\geocode.js": {"lines":{"total":32,"covered":6,"skipped":0,"pct":18.75},"functions":{"total":2,"covered":0,"skipped":0,"pct":0},"statements":{"total":32,"covered":6,"skipped":0,"pct":18.75},"branches":{"total":0,"covered":0,"skipped":0,"pct":100}}
,"D:\\2026\\Hackathon\\janashakti\\src\\utils\\googleMaps.js": {"lines":{"total":28,"covered":20,"skipped":0,"pct":71.42},"functions":{"total":3,"covered":1,"skipped":0,"pct":33.33},"statements":{"total":28,"covered":20,"skipped":0,"pct":71.42},"branches":{"total":11,"covered":9,"skipped":0,"pct":81.81}}
,"D:\\2026\\Hackathon\\janashakti\\src\\utils\\media.js": {"lines":{"total":35,"covered":0,"skipped":0,"pct":0},"functions":{"total":1,"covered":0,"skipped":0,"pct":0},"statements":{"total":35,"covered":0,"skipped":0,"pct":0},"branches":{"total":1,"covered":0,"skipped":0,"pct":0}}
,"D:\\2026\\Hackathon\\janashakti\\src\\utils\\n8n.js": {"lines":{"total":23,"covered":23,"skipped":0,"pct":100},"functions":{"total":1,"covered":1,"skipped":0,"pct":100},"statements":{"total":23,"covered":23,"skipped":0,"pct":100},"branches":{"total":10,"covered":10,"skipped":0,"pct":100}}
,"D:\\2026\\Hackathon\\janashakti\\src\\utils\\orgStats.js": {"lines":{"total":49,"covered":49,"skipped":0,"pct":100},"functions":{"total":3,"covered":3,"skipped":0,"pct":100},"statements":{"total":49,"covered":49,"skipped":0,"pct":100},"branches":{"total":14,"covered":13,"skipped":0,"pct":92.85}}
,"D:\\2026\\Hackathon\\janashakti\\src\\utils\\organizations.js": {"lines":{"total":69,"covered":53,"skipped":0,"pct":76.81},"functions":{"total":5,"covered":2,"skipped":0,"pct":40},"statements":{"total":69,"covered":53,"skipped":0,"pct":76.81},"branches":{"total":18,"covered":16,"skipped":0,"pct":88.88}}
,"D:\\2026\\Hackathon\\janashakti\\src\\utils\\pressRelease.js": {"lines":{"total":49,"covered":0,"skipped":0,"pct":0},"functions":{"total":1,"covered":0,"skipped":0,"pct":0},"statements":{"total":49,"covered":0,"skipped":0,"pct":0},"branches":{"total":1,"covered":0,"skipped":0,"pct":0}}
,"D:\\2026\\Hackathon\\janashakti\\src\\utils\\publicProfile.js": {"lines":{"total":57,"covered":21,"skipped":0,"pct":36.84},"functions":{"total":3,"covered":0,"skipped":0,"pct":0},"statements":{"total":57,"covered":21,"skipped":0,"pct":36.84},"branches":{"total":0,"covered":0,"skipped":0,"pct":100}}
,"D:\\2026\\Hackathon\\janashakti\\src\\utils\\representatives.js": {"lines":{"total":53,"covered":35,"skipped":0,"pct":66.03},"functions":{"total":3,"covered":1,"skipped":0,"pct":33.33},"statements":{"total":53,"covered":35,"skipped":0,"pct":66.03},"branches":{"total":8,"covered":6,"skipped":0,"pct":75}}
,"D:\\2026\\Hackathon\\janashakti\\src\\utils\\rti.js": {"lines":{"total":56,"covered":56,"skipped":0,"pct":100},"functions":{"total":2,"covered":2,"skipped":0,"pct":100},"statements":{"total":56,"covered":56,"skipped":0,"pct":100},"branches":{"total":24,"covered":21,"skipped":0,"pct":87.5}}
,"D:\\2026\\Hackathon\\janashakti\\src\\utils\\social.js": {"lines":{"total":28,"covered":28,"skipped":0,"pct":100},"functions":{"total":2,"covered":2,"skipped":0,"pct":100},"statements":{"total":28,"covered":28,"skipped":0,"pct":100},"branches":{"total":11,"covered":11,"skipped":0,"pct":100}}
,"D:\\2026\\Hackathon\\janashakti\\src\\utils\\story.js": {"lines":{"total":35,"covered":35,"skipped":0,"pct":100},"functions":{"total":4,"covered":4,"skipped":0,"pct":100},"statements":{"total":35,"covered":35,"skipped":0,"pct":100},"branches":{"total":17,"covered":13,"skipped":0,"pct":76.47}}
,"D:\\2026\\Hackathon\\janashakti\\src\\utils\\trend.js": {"lines":{"total":47,"covered":47,"skipped":0,"pct":100},"functions":{"total":4,"covered":4,"skipped":0,"pct":100},"statements":{"total":47,"covered":47,"skipped":0,"pct":100},"branches":{"total":29,"covered":21,"skipped":0,"pct":72.41}}
,"D:\\2026\\Hackathon\\janashakti\\src\\utils\\validation.js": {"lines":{"total":39,"covered":39,"skipped":0,"pct":100},"functions":{"total":5,"covered":5,"skipped":0,"pct":100},"statements":{"total":39,"covered":39,"skipped":0,"pct":100},"branches":{"total":23,"covered":21,"skipped":0,"pct":91.3}}
,"D:\\2026\\Hackathon\\janashakti\\src\\utils\\voiceAssistant.js": {"lines":{"total":66,"covered":0,"skipped":0,"pct":0},"functions":{"total":1,"covered":0,"skipped":0,"pct":0},"statements":{"total":66,"covered":0,"skipped":0,"pct":0},"branches":{"total":1,"covered":0,"skipped":0,"pct":0}}
}
